Build started 11/07/2014 10:49:27.
     1>Project "C:\Users\StammeD\Documents\GitHub\BinaryFiles\BinaryFiles\BinaryFiles.vcxproj" on node 2 (build target(s)).
     1>InitializeBuildStatus:
         Creating "Debug\BinaryFiles.unsuccessfulbuild" because "AlwaysCreate" was specified.
       ClCompile:
         C:\Program Files (x86)\Microsoft Visual Studio 10.0\VC\bin\CL.exe /c /ZI /nologo /W3 /WX- /Od /Oy- /D WIN32 /D _DEBUG /D _CONSOLE /D _MBCS /Gm /EHsc /RTC1 /MDd /GS /fp:precise /Zc:wchar_t /Zc:forScope /Fo"Debug\\" /Fd"Debug\vc100.pdb" /Gd /TP /analyze- /errorReport:prompt main.cpp
         main.cpp
       ResourceCompile:
         All outputs are up-to-date.
       ManifestResourceCompile:
         All outputs are up-to-date.
       Link:
         C:\Program Files (x86)\Microsoft Visual Studio 10.0\VC\bin\link.exe /ERRORREPORT:PROMPT /OUT:"C:\Users\StammeD\Documents\GitHub\BinaryFiles\Debug\BinaryFiles.exe" /INCREMENTAL /NOLOGO kernel32.lib user32.lib gdi32.lib winspool.lib comdlg32.lib advapi32.lib shell32.lib ole32.lib oleaut32.lib uuid.lib odbc32.lib odbccp32.lib /MANIFEST /ManifestFile:"Debug\BinaryFiles.exe.intermediate.manifest" /MANIFESTUAC:"level='asInvoker' uiAccess='false'" /DEBUG /PDB:"C:\Users\StammeD\Documents\GitHub\BinaryFiles\Debug\BinaryFiles.pdb" /SUBSYSTEM:CONSOLE /TLBID:1 /DYNAMICBASE /NXCOMPAT /IMPLIB:"C:\Users\StammeD\Documents\GitHub\BinaryFiles\Debug\BinaryFiles.lib" /MACHINE:X86 Debug\BinaryFiles.res
         Debug\BinaryFiles.exe.embed.manifest.res
         Debug\main.obj
       Manifest:
         C:\Program Files (x86)\Microsoft SDKs\Windows\v7.0A\bin\mt.exe /nologo /verbose /out:"Debug\BinaryFiles.exe.embed.manifest" /manifest Debug\BinaryFiles.exe.intermediate.manifest
         All outputs are up-to-date.
       LinkEmbedManifest:
         All outputs are up-to-date.
         BinaryFiles.vcxproj -> C:\Users\StammeD\Documents\GitHub\BinaryFiles\Debug\BinaryFiles.exe
       FinalizeBuildStatus:
         Deleting file "Debug\BinaryFiles.unsuccessfulbuild".
         Touching "Debug\BinaryFiles.lastbuildstate".
     1>Done Building Project "C:\Users\StammeD\Documents\GitHub\BinaryFiles\BinaryFiles\BinaryFiles.vcxproj" (build target(s)).

Build succeeded.

Time Elapsed 00:00:01.42
