C:\USERS\STAMMED\DOCUMENTS\GITHUB\BINARYFILES\BINARYFILES\DEBUG\BINARYFILES.EXE.EMBED.MANIFEST
C:\USERS\STAMMED\DOCUMENTS\GITHUB\BINARYFILES\BINARYFILES\DEBUG\BINARYFILES.EXE.EMBED.MANIFEST.RES
C:\USERS\STAMMED\DOCUMENTS\GITHUB\BINARYFILES\BINARYFILES\DEBUG\BINARYFILES.EXE.INTERMEDIATE.MANIFEST
C:\Users\StammeD\Documents\GitHub\BinaryFiles\BinaryFiles\Debug\BinaryFiles.vcxprojResolveAssemblyReference.cache
C:\Users\StammeD\Documents\GitHub\BinaryFiles\BinaryFiles\Debug\BinaryFiles.write.1.tlog
C:\Users\StammeD\Documents\GitHub\BinaryFiles\BinaryFiles\Debug\BinaryFiles_manifest.rc
C:\Users\StammeD\Documents\GitHub\BinaryFiles\BinaryFiles\Debug\cl.command.1.tlog
C:\Users\StammeD\Documents\GitHub\BinaryFiles\BinaryFiles\Debug\CL.read.1.tlog
C:\Users\StammeD\Documents\GitHub\BinaryFiles\BinaryFiles\Debug\CL.write.1.tlog
C:\Users\StammeD\Documents\GitHub\BinaryFiles\BinaryFiles\Debug\link.10284.read.1.tlog
C:\Users\StammeD\Documents\GitHub\BinaryFiles\BinaryFiles\Debug\link.10284.write.1.tlog
C:\Users\StammeD\Documents\GitHub\BinaryFiles\BinaryFiles\Debug\link.10284-cvtres.read.1.tlog
C:\Users\StammeD\Documents\GitHub\BinaryFiles\BinaryFiles\Debug\link.10284-cvtres.write.1.tlog
C:\Users\StammeD\Documents\GitHub\BinaryFiles\BinaryFiles\Debug\link.10944.read.1.tlog
C:\Users\StammeD\Documents\GitHub\BinaryFiles\BinaryFiles\Debug\link.10944.write.1.tlog
C:\Users\StammeD\Documents\GitHub\BinaryFiles\BinaryFiles\Debug\link.10944-cvtres.read.1.tlog
C:\Users\StammeD\Documents\GitHub\BinaryFiles\BinaryFiles\Debug\link.10944-cvtres.write.1.tlog
C:\Users\StammeD\Documents\GitHub\BinaryFiles\BinaryFiles\Debug\link.11800.read.1.tlog
C:\Users\StammeD\Documents\GitHub\BinaryFiles\BinaryFiles\Debug\link.11800.write.1.tlog
C:\Users\StammeD\Documents\GitHub\BinaryFiles\BinaryFiles\Debug\link.11800-cvtres.read.1.tlog
C:\Users\StammeD\Documents\GitHub\BinaryFiles\BinaryFiles\Debug\link.11800-cvtres.write.1.tlog
C:\Users\StammeD\Documents\GitHub\BinaryFiles\BinaryFiles\Debug\link.11864.read.1.tlog
C:\Users\StammeD\Documents\GitHub\BinaryFiles\BinaryFiles\Debug\link.11864.write.1.tlog
C:\Users\StammeD\Documents\GitHub\BinaryFiles\BinaryFiles\Debug\link.11864-cvtres.read.1.tlog
C:\Users\StammeD\Documents\GitHub\BinaryFiles\BinaryFiles\Debug\link.11864-cvtres.write.1.tlog
C:\Users\StammeD\Documents\GitHub\BinaryFiles\BinaryFiles\Debug\link.12628.read.1.tlog
C:\Users\StammeD\Documents\GitHub\BinaryFiles\BinaryFiles\Debug\link.12628.write.1.tlog
C:\Users\StammeD\Documents\GitHub\BinaryFiles\BinaryFiles\Debug\link.12628-cvtres.read.1.tlog
C:\Users\StammeD\Documents\GitHub\BinaryFiles\BinaryFiles\Debug\link.12628-cvtres.write.1.tlog
C:\Users\StammeD\Documents\GitHub\BinaryFiles\BinaryFiles\Debug\link.2592.read.1.tlog
C:\Users\StammeD\Documents\GitHub\BinaryFiles\BinaryFiles\Debug\link.2592.write.1.tlog
C:\Users\StammeD\Documents\GitHub\BinaryFiles\BinaryFiles\Debug\link.2592-cvtres.read.1.tlog
C:\Users\StammeD\Documents\GitHub\BinaryFiles\BinaryFiles\Debug\link.2592-cvtres.write.1.tlog
C:\Users\StammeD\Documents\GitHub\BinaryFiles\BinaryFiles\Debug\link.3736.read.1.tlog
C:\Users\StammeD\Documents\GitHub\BinaryFiles\BinaryFiles\Debug\link.3736.write.1.tlog
C:\Users\StammeD\Documents\GitHub\BinaryFiles\BinaryFiles\Debug\link.3736-cvtres.read.1.tlog
C:\Users\StammeD\Documents\GitHub\BinaryFiles\BinaryFiles\Debug\link.3736-cvtres.write.1.tlog
C:\Users\StammeD\Documents\GitHub\BinaryFiles\BinaryFiles\Debug\link.5848.read.1.tlog
C:\Users\StammeD\Documents\GitHub\BinaryFiles\BinaryFiles\Debug\link.5848.write.1.tlog
C:\Users\StammeD\Documents\GitHub\BinaryFiles\BinaryFiles\Debug\link.5848-cvtres.read.1.tlog
C:\Users\StammeD\Documents\GitHub\BinaryFiles\BinaryFiles\Debug\link.5848-cvtres.write.1.tlog
C:\Users\StammeD\Documents\GitHub\BinaryFiles\BinaryFiles\Debug\link.6312.read.1.tlog
C:\Users\StammeD\Documents\GitHub\BinaryFiles\BinaryFiles\Debug\link.6312.write.1.tlog
C:\Users\StammeD\Documents\GitHub\BinaryFiles\BinaryFiles\Debug\link.6312-cvtres.read.1.tlog
C:\Users\StammeD\Documents\GitHub\BinaryFiles\BinaryFiles\Debug\link.6312-cvtres.write.1.tlog
C:\Users\StammeD\Documents\GitHub\BinaryFiles\BinaryFiles\Debug\link.9156.read.1.tlog
C:\Users\StammeD\Documents\GitHub\BinaryFiles\BinaryFiles\Debug\link.9156.write.1.tlog
C:\Users\StammeD\Documents\GitHub\BinaryFiles\BinaryFiles\Debug\link.9156-cvtres.read.1.tlog
C:\Users\StammeD\Documents\GitHub\BinaryFiles\BinaryFiles\Debug\link.9156-cvtres.write.1.tlog
C:\Users\StammeD\Documents\GitHub\BinaryFiles\BinaryFiles\Debug\link.9224.read.1.tlog
C:\Users\StammeD\Documents\GitHub\BinaryFiles\BinaryFiles\Debug\link.9224.write.1.tlog
C:\Users\StammeD\Documents\GitHub\BinaryFiles\BinaryFiles\Debug\link.9224-cvtres.read.1.tlog
C:\Users\StammeD\Documents\GitHub\BinaryFiles\BinaryFiles\Debug\link.9224-cvtres.write.1.tlog
C:\Users\StammeD\Documents\GitHub\BinaryFiles\BinaryFiles\Debug\link.command.1.tlog
C:\Users\StammeD\Documents\GitHub\BinaryFiles\BinaryFiles\Debug\link.read.1.tlog
C:\Users\StammeD\Documents\GitHub\BinaryFiles\BinaryFiles\Debug\link.write.1.tlog
C:\Users\StammeD\Documents\GitHub\BinaryFiles\BinaryFiles\Debug\link-cvtres.read.1.tlog
C:\Users\StammeD\Documents\GitHub\BinaryFiles\BinaryFiles\Debug\link-cvtres.write.1.tlog
C:\USERS\STAMMED\DOCUMENTS\GITHUB\BINARYFILES\BINARYFILES\DEBUG\MAIN.OBJ
C:\Users\StammeD\Documents\GitHub\BinaryFiles\BinaryFiles\Debug\mt.command.1.tlog
C:\Users\StammeD\Documents\GitHub\BinaryFiles\BinaryFiles\Debug\mt.read.1.tlog
C:\Users\StammeD\Documents\GitHub\BinaryFiles\BinaryFiles\Debug\mt.write.1.tlog
C:\Users\StammeD\Documents\GitHub\BinaryFiles\BinaryFiles\Debug\rc.command.1.tlog
C:\Users\StammeD\Documents\GitHub\BinaryFiles\BinaryFiles\Debug\rc.read.1.tlog
C:\Users\StammeD\Documents\GitHub\BinaryFiles\BinaryFiles\Debug\rc.write.1.tlog
C:\Users\StammeD\Documents\GitHub\BinaryFiles\BinaryFiles\Debug\vc100.idb
C:\USERS\STAMMED\DOCUMENTS\GITHUB\BINARYFILES\BINARYFILES\DEBUG\VC100.PDB
C:\USERS\STAMMED\DOCUMENTS\GITHUB\BINARYFILES\DEBUG\BINARYFILES.EXE
C:\USERS\STAMMED\DOCUMENTS\GITHUB\BINARYFILES\DEBUG\BINARYFILES.ILK
C:\USERS\STAMMED\DOCUMENTS\GITHUB\BINARYFILES\DEBUG\BINARYFILES.PDB
